
--- [2026-05-16T08:33:01.550Z] Update Notes ---
Booking: 6a07fd9d6d231620cb70ff46
Student: vietvanphan04@gmail.com
Mentor: PHAN VIET VAN (K18 HCM)
Notes: 🎯 Đánh giá chung: 5/5 sao
💪 ...
Attempting to send email to vietvanphan04@gmail.com
Web notification created.
Email result: {"ok":true}

--- [2026-05-16T08:39:56.922Z] Update Notes ---
Booking: 6a07fd9d6d231620cb70ff46
Student: vietvanphan04@gmail.com
Mentor: PHAN VIET VAN (K18 HCM)
Notes: 🎯 Đánh giá chung: 5/5 sao
💪 ...
Attempting to send email to vietvanphan04@gmail.com
Web notification created.
Email result: {"ok":true}

--- [2026-05-16T08:44:03.213Z] Update Notes ---
Booking: 6a07fd9d6d231620cb70ff46
Student: vietvanphan04@gmail.com
Mentor: PHAN VIET VAN (K18 HCM)
Notes: Đánh giá chung: 5/5 sao
Điểm m...
Attempting to send email to vietvanphan04@gmail.com
Web notification created.
Email result: {"ok":true}

--- [2026-05-16T08:52:51.324Z] Update Notes ---
Booking: 6a07fd9d6d231620cb70ff46
Student: vietvanphan04@gmail.com
Mentor: PHAN VIET VAN (K18 HCM)
Notes: Đánh giá chung: 2/5 sao
Điểm m...
Attempting to send email to vietvanphan04@gmail.com
Web notification created.

--- [2026-05-16T08:53:21.504Z] Update Notes ---
Booking: 6a07fd9d6d231620cb70ff46
Student: vietvanphan04@gmail.com
Mentor: PHAN VIET VAN (K18 HCM)
Notes: Đánh giá chung: 5/5 sao
Điểm m...
Attempting to send email to vietvanphan04@gmail.com
Web notification created.
Email result: {"ok":false,"error":"connect ENETUNREACH 2404:6800:4003:c04::6d:587"}
Email result: {"ok":true}
